1771737370.766341 client started (188929): version 3.4, socket /tmp/tmux-1000/default, protocol 8
1771737370.766408 on Linux 6.14.0-37-generic #37~24.04.1-Ubuntu SMP PREEMPT_DYNAMIC Thu Nov 20 10:25:38 UTC 2
1771737370.766418 using libevent 2.1.12-stable poll
1771737370.766425 using ncurses 6.4 20240113
1771737370.766467 flags are 0x18010000
1771737370.766494 socket is /tmp/tmux-1000/default
1771737370.766522 trying connect
1771737370.766549 connect failed: Connection refused
1771737370.766567 lock file is /tmp/tmux-1000/default.lock
1771737370.766632 flock succeeded
1771737370.766645 got lock (6)
1771737370.766659 trying connect
1771737370.766677 connect failed: Connection refused
1771737370.767285 add peer 0x5d0acbb55110: 7 ((nil))
1771737370.768180 sending message 100 to peer 0x5d0acbb55110 (4 bytes)
1771737370.768197 sending message 111 to peer 0x5d0acbb55110 (8 bytes)
1771737370.768206 sending message 101 to peer 0x5d0acbb55110 (15 bytes)
1771737370.768244 sending message 109 to peer 0x5d0acbb55110 (4 bytes)
1771737370.768251 sending message 102 to peer 0x5d0acbb55110 (11 bytes)
1771737370.768259 sending message 108 to peer 0x5d0acbb55110 (39 bytes)
1771737370.768267 sending message 112 to peer 0x5d0acbb55110 (58 bytes)
1771737370.768275 sending message 112 to peer 0x5d0acbb55110 (5 bytes)
1771737370.768283 sending message 112 to peer 0x5d0acbb55110 (5 bytes)
1771737370.768291 sending message 112 to peer 0x5d0acbb55110 (6 bytes)
1771737370.768299 sending message 112 to peer 0x5d0acbb55110 (6 bytes)
1771737370.768306 sending message 112 to peer 0x5d0acbb55110 (11 bytes)
1771737370.768314 sending message 112 to peer 0x5d0acbb55110 (10 bytes)
1771737370.768323 sending message 112 to peer 0x5d0acbb55110 (13 bytes)
1771737370.768331 sending message 112 to peer 0x5d0acbb55110 (14 bytes)
1771737370.768338 sending message 112 to peer 0x5d0acbb55110 (19 bytes)
1771737370.768346 sending message 112 to peer 0x5d0acbb55110 (11 bytes)
1771737370.768352 sending message 112 to peer 0x5d0acbb55110 (10 bytes)
1771737370.768361 sending message 112 to peer 0x5d0acbb55110 (15 bytes)
1771737370.768368 sending message 112 to peer 0x5d0acbb55110 (21 bytes)
1771737370.768376 sending message 112 to peer 0x5d0acbb55110 (13 bytes)
1771737370.768383 sending message 112 to peer 0x5d0acbb55110 (7 bytes)
1771737370.768391 sending message 112 to peer 0x5d0acbb55110 (13 bytes)
1771737370.768399 sending message 112 to peer 0x5d0acbb55110 (7 bytes)
1771737370.768407 sending message 112 to peer 0x5d0acbb55110 (13 bytes)
1771737370.768415 sending message 112 to peer 0x5d0acbb55110 (9 bytes)
1771737370.768421 sending message 112 to peer 0x5d0acbb55110 (21 bytes)
1771737370.768429 sending message 112 to peer 0x5d0acbb55110 (13 bytes)
1771737370.768438 sending message 112 to peer 0x5d0acbb55110 (9 bytes)
1771737370.768445 sending message 112 to peer 0x5d0acbb55110 (16 bytes)
1771737370.768453 sending message 112 to peer 0x5d0acbb55110 (13 bytes)
1771737370.768460 sending message 112 to peer 0x5d0acbb55110 (9 bytes)
1771737370.768469 sending message 112 to peer 0x5d0acbb55110 (9 bytes)
1771737370.768476 sending message 112 to peer 0x5d0acbb55110 (12 bytes)
1771737370.768483 sending message 112 to peer 0x5d0acbb55110 (8 bytes)
1771737370.768491 sending message 112 to peer 0x5d0acbb55110 (8 bytes)
1771737370.768500 sending message 112 to peer 0x5d0acbb55110 (13 bytes)
1771737370.768507 sending message 112 to peer 0x5d0acbb55110 (7 bytes)
1771737370.768514 sending message 112 to peer 0x5d0acbb55110 (7 bytes)
1771737370.768521 sending message 112 to peer 0x5d0acbb55110 (9 bytes)
1771737370.768528 sending message 112 to peer 0x5d0acbb55110 (9 bytes)
1771737370.768536 sending message 112 to peer 0x5d0acbb55110 (15 bytes)
1771737370.768543 sending message 112 to peer 0x5d0acbb55110 (13 bytes)
1771737370.768552 sending message 112 to peer 0x5d0acbb55110 (12 bytes)
1771737370.768559 sending message 112 to peer 0x5d0acbb55110 (8 bytes)
1771737370.768567 sending message 112 to peer 0x5d0acbb55110 (14 bytes)
1771737370.768574 sending message 112 to peer 0x5d0acbb55110 (11 bytes)
1771737370.768597 sending message 112 to peer 0x5d0acbb55110 (9 bytes)
1771737370.768605 sending message 112 to peer 0x5d0acbb55110 (10 bytes)
1771737370.768613 sending message 112 to peer 0x5d0acbb55110 (10 bytes)
1771737370.768621 sending message 112 to peer 0x5d0acbb55110 (10 bytes)
1771737370.768628 sending message 112 to peer 0x5d0acbb55110 (10 bytes)
1771737370.768636 sending message 112 to peer 0x5d0acbb55110 (11 bytes)
1771737370.768643 sending message 112 to peer 0x5d0acbb55110 (12 bytes)
1771737370.768650 sending message 112 to peer 0x5d0acbb55110 (12 bytes)
1771737370.768657 sending message 112 to peer 0x5d0acbb55110 (12 bytes)
1771737370.768665 sending message 112 to peer 0x5d0acbb55110 (12 bytes)
1771737370.768670 sending message 112 to peer 0x5d0acbb55110 (12 bytes)
1771737370.768679 sending message 112 to peer 0x5d0acbb55110 (11 bytes)
1771737370.768685 sending message 112 to peer 0x5d0acbb55110 (11 bytes)
1771737370.768693 sending message 112 to peer 0x5d0acbb55110 (12 bytes)
1771737370.768699 sending message 112 to peer 0x5d0acbb55110 (12 bytes)
1771737370.768707 sending message 112 to peer 0x5d0acbb55110 (12 bytes)
1771737370.768714 sending message 112 to peer 0x5d0acbb55110 (12 bytes)
1771737370.768723 sending message 112 to peer 0x5d0acbb55110 (12 bytes)
1771737370.768730 sending message 112 to peer 0x5d0acbb55110 (9 bytes)
1771737370.768738 sending message 112 to peer 0x5d0acbb55110 (12 bytes)
1771737370.768744 sending message 112 to peer 0x5d0acbb55110 (13 bytes)
1771737370.768751 sending message 112 to peer 0x5d0acbb55110 (13 bytes)
1771737370.768758 sending message 112 to peer 0x5d0acbb55110 (13 bytes)
1771737370.768765 sending message 112 to peer 0x5d0acbb55110 (13 bytes)
1771737370.768774 sending message 112 to peer 0x5d0acbb55110 (13 bytes)
1771737370.768781 sending message 112 to peer 0x5d0acbb55110 (8 bytes)
1771737370.768789 sending message 112 to peer 0x5d0acbb55110 (11 bytes)
1771737370.768798 sending message 112 to peer 0x5d0acbb55110 (11 bytes)
1771737370.768805 sending message 112 to peer 0x5d0acbb55110 (11 bytes)
1771737370.768813 sending message 112 to peer 0x5d0acbb55110 (12 bytes)
1771737370.768820 sending message 112 to peer 0x5d0acbb55110 (12 bytes)
1771737370.768827 sending message 112 to peer 0x5d0acbb55110 (12 bytes)
1771737370.768834 sending message 112 to peer 0x5d0acbb55110 (12 bytes)
1771737370.768841 sending message 112 to peer 0x5d0acbb55110 (13 bytes)
1771737370.768849 sending message 112 to peer 0x5d0acbb55110 (13 bytes)
1771737370.768857 sending message 112 to peer 0x5d0acbb55110 (13 bytes)
1771737370.768864 sending message 112 to peer 0x5d0acbb55110 (8 bytes)
1771737370.768872 sending message 112 to peer 0x5d0acbb55110 (13 bytes)
1771737370.768879 sending message 112 to peer 0x5d0acbb55110 (13 bytes)
1771737370.768888 sending message 112 to peer 0x5d0acbb55110 (13 bytes)
1771737370.768896 sending message 112 to peer 0x5d0acbb55110 (13 bytes)
1771737370.768903 sending message 112 to peer 0x5d0acbb55110 (13 bytes)
1771737370.768912 sending message 112 to peer 0x5d0acbb55110 (12 bytes)
1771737370.768919 sending message 112 to peer 0x5d0acbb55110 (12 bytes)
1771737370.768926 sending message 112 to peer 0x5d0acbb55110 (12 bytes)
1771737370.768934 sending message 112 to peer 0x5d0acbb55110 (12 bytes)
1771737370.768940 sending message 112 to peer 0x5d0acbb55110 (13 bytes)
1771737370.768948 sending message 112 to peer 0x5d0acbb55110 (8 bytes)
1771737370.768955 sending message 112 to peer 0x5d0acbb55110 (13 bytes)
1771737370.768963 sending message 112 to peer 0x5d0acbb55110 (13 bytes)
1771737370.768971 sending message 112 to peer 0x5d0acbb55110 (13 bytes)
1771737370.768978 sending message 112 to peer 0x5d0acbb55110 (13 bytes)
1771737370.768986 sending message 112 to peer 0x5d0acbb55110 (13 bytes)
1771737370.768993 sending message 112 to peer 0x5d0acbb55110 (13 bytes)
1771737370.769002 sending message 112 to peer 0x5d0acbb55110 (13 bytes)
1771737370.769009 sending message 112 to peer 0x5d0acbb55110 (12 bytes)
1771737370.769016 sending message 112 to peer 0x5d0acbb55110 (12 bytes)
1771737370.769030 sending message 112 to peer 0x5d0acbb55110 (12 bytes)
1771737370.769039 sending message 112 to peer 0x5d0acbb55110 (8 bytes)
1771737370.769047 sending message 112 to peer 0x5d0acbb55110 (12 bytes)
1771737370.769054 sending message 112 to peer 0x5d0acbb55110 (13 bytes)
1771737370.769062 sending message 112 to peer 0x5d0acbb55110 (13 bytes)
1771737370.769069 sending message 112 to peer 0x5d0acbb55110 (13 bytes)
1771737370.769077 sending message 112 to peer 0x5d0acbb55110 (13 bytes)
1771737370.769084 sending message 112 to peer 0x5d0acbb55110 (13 bytes)
1771737370.769091 sending message 112 to peer 0x5d0acbb55110 (13 bytes)
1771737370.769098 sending message 112 to peer 0x5d0acbb55110 (13 bytes)
1771737370.769106 sending message 112 to peer 0x5d0acbb55110 (13 bytes)
1771737370.769113 sending message 112 to peer 0x5d0acbb55110 (12 bytes)
1771737370.769120 sending message 112 to peer 0x5d0acbb55110 (10 bytes)
1771737370.769129 sending message 112 to peer 0x5d0acbb55110 (12 bytes)
1771737370.769135 sending message 112 to peer 0x5d0acbb55110 (12 bytes)
1771737370.769143 sending message 112 to peer 0x5d0acbb55110 (12 bytes)
1771737370.769149 sending message 112 to peer 0x5d0acbb55110 (13 bytes)
1771737370.769157 sending message 112 to peer 0x5d0acbb55110 (13 bytes)
1771737370.769163 sending message 112 to peer 0x5d0acbb55110 (13 bytes)
1771737370.769172 sending message 112 to peer 0x5d0acbb55110 (13 bytes)
1771737370.769177 sending message 112 to peer 0x5d0acbb55110 (13 bytes)
1771737370.769186 sending message 112 to peer 0x5d0acbb55110 (13 bytes)
1771737370.769192 sending message 112 to peer 0x5d0acbb55110 (13 bytes)
1771737370.769200 sending message 112 to peer 0x5d0acbb55110 (10 bytes)
1771737370.769223 sending message 112 to peer 0x5d0acbb55110 (13 bytes)
1771737370.769234 sending message 112 to peer 0x5d0acbb55110 (12 bytes)
1771737370.769243 sending message 112 to peer 0x5d0acbb55110 (12 bytes)
1771737370.769249 sending message 112 to peer 0x5d0acbb55110 (12 bytes)
1771737370.769257 sending message 112 to peer 0x5d0acbb55110 (10 bytes)
1771737370.769264 sending message 112 to peer 0x5d0acbb55110 (10 bytes)
1771737370.769272 sending message 112 to peer 0x5d0acbb55110 (10 bytes)
1771737370.769280 sending message 112 to peer 0x5d0acbb55110 (12 bytes)
1771737370.769288 sending message 112 to peer 0x5d0acbb55110 (13 bytes)
1771737370.769295 sending message 112 to peer 0x5d0acbb55110 (13 bytes)
1771737370.769302 sending message 112 to peer 0x5d0acbb55110 (13 bytes)
1771737370.769310 sending message 112 to peer 0x5d0acbb55110 (13 bytes)
1771737370.769316 sending message 112 to peer 0x5d0acbb55110 (13 bytes)
1771737370.769325 sending message 112 to peer 0x5d0acbb55110 (10 bytes)
1771737370.769331 sending message 112 to peer 0x5d0acbb55110 (11 bytes)
1771737370.769339 sending message 112 to peer 0x5d0acbb55110 (12 bytes)
1771737370.769345 sending message 112 to peer 0x5d0acbb55110 (12 bytes)
1771737370.769353 sending message 112 to peer 0x5d0acbb55110 (12 bytes)
1771737370.769360 sending message 112 to peer 0x5d0acbb55110 (12 bytes)
1771737370.769367 sending message 112 to peer 0x5d0acbb55110 (12 bytes)
1771737370.769376 sending message 112 to peer 0x5d0acbb55110 (11 bytes)
1771737370.769382 sending message 112 to peer 0x5d0acbb55110 (12 bytes)
1771737370.769390 sending message 112 to peer 0x5d0acbb55110 (12 bytes)
1771737370.769397 sending message 112 to peer 0x5d0acbb55110 (13 bytes)
1771737370.769404 sending message 112 to peer 0x5d0acbb55110 (13 bytes)
1771737370.769411 sending message 112 to peer 0x5d0acbb55110 (13 bytes)
1771737370.769420 sending message 112 to peer 0x5d0acbb55110 (13 bytes)
1771737370.769427 sending message 112 to peer 0x5d0acbb55110 (13 bytes)
1771737370.769435 sending message 112 to peer 0x5d0acbb55110 (10 bytes)
1771737370.769443 sending message 112 to peer 0x5d0acbb55110 (9 bytes)
1771737370.769451 sending message 112 to peer 0x5d0acbb55110 (12 bytes)
1771737370.769459 sending message 112 to peer 0x5d0acbb55110 (13 bytes)
1771737370.769466 sending message 112 to peer 0x5d0acbb55110 (13 bytes)
1771737370.769481 sending message 112 to peer 0x5d0acbb55110 (13 bytes)
1771737370.769490 sending message 112 to peer 0x5d0acbb55110 (13 bytes)
1771737370.769497 sending message 112 to peer 0x5d0acbb55110 (13 bytes)
1771737370.769504 sending message 112 to peer 0x5d0acbb55110 (9 bytes)
1771737370.769512 sending message 112 to peer 0x5d0acbb55110 (12 bytes)
1771737370.769518 sending message 112 to peer 0x5d0acbb55110 (13 bytes)
1771737370.769527 sending message 112 to peer 0x5d0acbb55110 (13 bytes)
1771737370.769534 sending message 112 to peer 0x5d0acbb55110 (13 bytes)
1771737370.769542 sending message 112 to peer 0x5d0acbb55110 (13 bytes)
1771737370.769549 sending message 112 to peer 0x5d0acbb55110 (13 bytes)
1771737370.769557 sending message 112 to peer 0x5d0acbb55110 (11 bytes)
1771737370.769566 sending message 112 to peer 0x5d0acbb55110 (12 bytes)
1771737370.769573 sending message 112 to peer 0x5d0acbb55110 (13 bytes)
1771737370.769581 sending message 112 to peer 0x5d0acbb55110 (13 bytes)
1771737370.769588 sending message 112 to peer 0x5d0acbb55110 (13 bytes)
1771737370.769595 sending message 112 to peer 0x5d0acbb55110 (13 bytes)
1771737370.769604 sending message 112 to peer 0x5d0acbb55110 (13 bytes)
1771737370.769612 sending message 112 to peer 0x5d0acbb55110 (11 bytes)
1771737370.769619 sending message 112 to peer 0x5d0acbb55110 (12 bytes)
1771737370.769627 sending message 112 to peer 0x5d0acbb55110 (12 bytes)
1771737370.769635 sending message 112 to peer 0x5d0acbb55110 (12 bytes)
1771737370.769643 sending message 112 to peer 0x5d0acbb55110 (12 bytes)
1771737370.769650 sending message 112 to peer 0x5d0acbb55110 (12 bytes)
1771737370.769657 sending message 112 to peer 0x5d0acbb55110 (21 bytes)
1771737370.769665 sending message 112 to peer 0x5d0acbb55110 (12 bytes)
1771737370.769674 sending message 112 to peer 0x5d0acbb55110 (9 bytes)
1771737370.769681 sending message 112 to peer 0x5d0acbb55110 (6 bytes)
1771737370.769689 sending message 112 to peer 0x5d0acbb55110 (13 bytes)
1771737370.769697 sending message 112 to peer 0x5d0acbb55110 (10 bytes)
1771737370.769705 sending message 112 to peer 0x5d0acbb55110 (24 bytes)
1771737370.769713 sending message 112 to peer 0x5d0acbb55110 (13 bytes)
1771737370.769721 sending message 112 to peer 0x5d0acbb55110 (9 bytes)
1771737370.769730 sending message 112 to peer 0x5d0acbb55110 (70 bytes)
1771737370.769737 sending message 112 to peer 0x5d0acbb55110 (69 bytes)
1771737370.769745 sending message 112 to peer 0x5d0acbb55110 (12 bytes)
1771737370.769752 sending message 112 to peer 0x5d0acbb55110 (10 bytes)
1771737370.769760 sending message 112 to peer 0x5d0acbb55110 (10 bytes)
1771737370.769769 sending message 112 to peer 0x5d0acbb55110 (24 bytes)
1771737370.769777 sending message 112 to peer 0x5d0acbb55110 (13 bytes)
1771737370.769784 sending message 112 to peer 0x5d0acbb55110 (10 bytes)
1771737370.769791 sending message 112 to peer 0x5d0acbb55110 (10 bytes)
1771737370.769800 sending message 112 to peer 0x5d0acbb55110 (10 bytes)
1771737370.769808 sending message 112 to peer 0x5d0acbb55110 (13 bytes)
1771737370.769815 sending message 112 to peer 0x5d0acbb55110 (15 bytes)
1771737370.769823 sending message 112 to peer 0x5d0acbb55110 (5 bytes)
1771737370.769833 sending message 104 to peer 0x5d0acbb55110 (0 bytes)
1771737370.769842 sending message 110 to peer 0x5d0acbb55110 (0 bytes)
1771737370.769852 sending message 107 to peer 0x5d0acbb55110 (4 bytes)
1771737370.769859 sending message 105 to peer 0x5d0acbb55110 (16 bytes)
1771737370.769867 sending message 105 to peer 0x5d0acbb55110 (106 bytes)
1771737370.769876 sending message 105 to peer 0x5d0acbb55110 (19 bytes)
1771737370.769884 sending message 105 to peer 0x5d0acbb55110 (20 bytes)
1771737370.769892 sending message 105 to peer 0x5d0acbb55110 (45 bytes)
1771737370.769901 sending message 105 to peer 0x5d0acbb55110 (70 bytes)
1771737370.769909 sending message 105 to peer 0x5d0acbb55110 (23 bytes)
1771737370.769917 sending message 105 to peer 0x5d0acbb55110 (44 bytes)
1771737370.769924 sending message 105 to peer 0x5d0acbb55110 (45 bytes)
1771737370.769940 sending message 105 to peer 0x5d0acbb55110 (32 bytes)
1771737370.769948 sending message 105 to peer 0x5d0acbb55110 (41 bytes)
1771737370.769955 sending message 105 to peer 0x5d0acbb55110 (51 bytes)
1771737370.769963 sending message 105 to peer 0x5d0acbb55110 (20 bytes)
1771737370.769972 sending message 105 to peer 0x5d0acbb55110 (23 bytes)
1771737370.769979 sending message 105 to peer 0x5d0acbb55110 (28 bytes)
1771737370.769986 sending message 105 to peer 0x5d0acbb55110 (43 bytes)
1771737370.769994 sending message 105 to peer 0x5d0acbb55110 (23 bytes)
1771737370.770001 sending message 105 to peer 0x5d0acbb55110 (27 bytes)
1771737370.770009 sending message 105 to peer 0x5d0acbb55110 (25 bytes)
1771737370.770016 sending message 105 to peer 0x5d0acbb55110 (24 bytes)
1771737370.770024 sending message 105 to peer 0x5d0acbb55110 (54 bytes)
1771737370.770031 sending message 105 to peer 0x5d0acbb55110 (22 bytes)
1771737370.770039 sending message 105 to peer 0x5d0acbb55110 (26 bytes)
1771737370.770047 sending message 105 to peer 0x5d0acbb55110 (24 bytes)
1771737370.770054 sending message 105 to peer 0x5d0acbb55110 (18 bytes)
1771737370.770062 sending message 105 to peer 0x5d0acbb55110 (17 bytes)
1771737370.770071 sending message 105 to peer 0x5d0acbb55110 (1817 bytes)
1771737370.770099 sending message 105 to peer 0x5d0acbb55110 (33 bytes)
1771737370.770107 sending message 105 to peer 0x5d0acbb55110 (155 bytes)
1771737370.770115 sending message 105 to peer 0x5d0acbb55110 (17 bytes)
1771737370.770124 sending message 105 to peer 0x5d0acbb55110 (26 bytes)
1771737370.770131 sending message 105 to peer 0x5d0acbb55110 (86 bytes)
1771737370.770139 sending message 105 to peer 0x5d0acbb55110 (34 bytes)
1771737370.770145 sending message 105 to peer 0x5d0acbb55110 (23 bytes)
1771737370.770153 sending message 105 to peer 0x5d0acbb55110 (34 bytes)
1771737370.770162 sending message 105 to peer 0x5d0acbb55110 (23 bytes)
1771737370.770169 sending message 105 to peer 0x5d0acbb55110 (20 bytes)
1771737370.770177 sending message 105 to peer 0x5d0acbb55110 (32 bytes)
1771737370.770183 sending message 105 to peer 0x5d0acbb55110 (20 bytes)
1771737370.770191 sending message 105 to peer 0x5d0acbb55110 (30 bytes)
1771737370.770200 sending message 105 to peer 0x5d0acbb55110 (11 bytes)
1771737370.770221 sending message 105 to peer 0x5d0acbb55110 (8 bytes)
1771737370.770232 sending message 105 to peer 0x5d0acbb55110 (14 bytes)
1771737370.770240 sending message 105 to peer 0x5d0acbb55110 (35 bytes)
1771737370.770247 sending message 105 to peer 0x5d0acbb55110 (18 bytes)
1771737370.770254 sending message 105 to peer 0x5d0acbb55110 (31 bytes)
1771737370.770263 sending message 105 to peer 0x5d0acbb55110 (47 bytes)
1771737370.770271 sending message 105 to peer 0x5d0acbb55110 (102 bytes)
1771737370.770279 sending message 105 to peer 0x5d0acbb55110 (167 bytes)
1771737370.770288 sending message 105 to peer 0x5d0acbb55110 (18 bytes)
1771737370.770295 sending message 105 to peer 0x5d0acbb55110 (54 bytes)
1771737370.770303 sending message 105 to peer 0x5d0acbb55110 (61 bytes)
1771737370.770310 sending message 105 to peer 0x5d0acbb55110 (16 bytes)
1771737370.770318 sending message 105 to peer 0x5d0acbb55110 (33 bytes)
1771737370.770326 sending message 106 to peer 0x5d0acbb55110 (0 bytes)
1771737370.770407 sending message 200 to peer 0x5d0acbb55110 (4 bytes)
1771737370.770415 client loop enter
1771737370.770443 client_signal: Child exited
1771737370.904291 peer 0x5d0acbb55110 message 207
1771737370.904303 sending message 208 to peer 0x5d0acbb55110 (0 bytes)
1771785294.852735 client loop exit
